<?xml version="1.0" encoding="UTF-8"?>
<testsuite name="br.edu.unifalmg.service.ChoreServiceTest" tests="8" skipped="0" failures="0" errors="0" timestamp="2023-09-27T18:50:48" hostname="DESKTOP-AQ65D1O" time="0.087">
  <properties/>
  <testcase name="#deleteChore &gt; When the list is not empty &gt; When the chore exists &gt; Delete the chore" classname="br.edu.unifalmg.service.ChoreServiceTest" time="0.038"/>
  <testcase name="#addChore &gt; When adding a chore &gt; When the chore already exists &gt; Throw an exception" classname="br.edu.unifalmg.service.ChoreServiceTest" time="0.003"/>
  <testcase name="#addChore &gt; When the deadline is invalid &gt; Throw an exception" classname="br.edu.unifalmg.service.ChoreServiceTest" time="0.007"/>
  <testcase name="#addChore &gt; When the description is invalid &gt; Throw an exception" classname="br.edu.unifalmg.service.ChoreServiceTest" time="0.006"/>
  <testcase name="#deleteChore &gt; When the list is not empty &gt; When the chore does not exist &gt; Throw an exception" classname="br.edu.unifalmg.service.ChoreServiceTest" time="0.004"/>
  <testcase name="#addChore &gt; When the chore's list has at least one element &gt; When adding a new chore &gt; Add the chore" classname="br.edu.unifalmg.service.ChoreServiceTest" time="0.004"/>
  <testcase name="#addChore &gt; When the chore's list is empty &gt; When adding a new chore &gt; Add the chore" classname="br.edu.unifalmg.service.ChoreServiceTest" time="0.004"/>
  <testcase name="#deleteChore &gt; When the list is empty &gt; Throw an exception" classname="br.edu.unifalmg.service.ChoreServiceTest" time="0.003"/>
  <system-out><![CDATA[]]></system-out>
  <system-err><![CDATA[]]></system-err>
</testsuite>
