<?xml version="1.0" encoding="UTF-8"?>
<testsuite name="br.edu.unifalmg.service.ChoreServiceTest" tests="3" skipped="0" failures="0" errors="0" timestamp="2023-09-22T18:48:09" hostname="DESKTOP-AQ65D1O" time="0.061">
  <properties/>
  <testcase name="#addChore &gt; When adding a chore &gt; When the chore already exists &gt; Throw an exception" classname="br.edu.unifalmg.service.ChoreServiceTest" time="0.035"/>
  <testcase name="#addChore &gt; When the deadline is invalid &gt; Throw an exception" classname="br.edu.unifalmg.service.ChoreServiceTest" time="0.006"/>
  <testcase name="addChoreWhenTheDescriptionIsInvalidThrowAnException()" classname="br.edu.unifalmg.service.ChoreServiceTest" time="0.017"/>
  <system-out><![CDATA[]]></system-out>
  <system-err><![CDATA[]]></system-err>
</testsuite>
